<?xml version="1.0" encoding="UTF-8"?>
<!-- Generated by org.testng.reporters.JUnitXMLReporter -->
<testsuite ignored="1" hostname="IN2121148W1" failures="0" tests="2" name="Default test" time="0.055" errors="0" timestamp="2023-01-05T11:55:33 IST">
  <testcase classname="test.Annotations_Example" name="afunction2" time="0.01"/>
  <testcase classname="test.Annotations_Example" name="Function1" time="0.002"/>
  <testcase classname="test.Annotations_Example" name="Function3" time="0.0">
    <ignored/>
  </testcase> <!-- Function3 -->
</testsuite> <!-- Default test -->
