<?xml version="1.0" encoding="UTF-8"?>
<testng-results ignored="0" total="2" passed="2" failed="0" skipped="0">
  <reporter-output>
  </reporter-output>
  <suite started-at="2023-01-05T12:37:35 IST" name="testng1" finished-at="2023-01-05T12:38:04 IST" duration-ms="29235">
    <groups>
    </groups>
    <test started-at="2023-01-05T12:37:35 IST" name="edgetest" finished-at="2023-01-05T12:37:48 IST" duration-ms="13466">
      <class name="test.Multi_Browser">
        <test-method is-config="true" signature="beforeClass(java.lang.String)[pri:0, instance:test.Multi_Browser@36bc55de]" started-at="2023-01-05T12:37:35 IST" name="beforeClass" finished-at="2023-01-05T12:37:44 IST" duration-ms="8691" status="PASS">
          <params>
            <param index="0">
              <value>
                <![CDATA[edge]]>
              </value>
            </param>
          </params>
          <reporter-output>
          </reporter-output>
        </test-method> <!-- beforeClass -->
        <test-method signature="function()[pri:0, instance:test.Multi_Browser@36bc55de]" started-at="2023-01-05T12:37:44 IST" name="function" finished-at="2023-01-05T12:37:48 IST" duration-ms="4399" status="PASS">
          <reporter-output>
          </reporter-output>
        </test-method> <!-- function -->
        <test-method is-config="true" signature="afterClass()[pri:0, instance:test.Multi_Browser@36bc55de]" started-at="2023-01-05T12:37:48 IST" name="afterClass" finished-at="2023-01-05T12:37:48 IST" duration-ms="344" status="PASS">
          <reporter-output>
          </reporter-output>
        </test-method> <!-- afterClass -->
      </class> <!-- test.Multi_Browser -->
    </test> <!-- edgetest -->
    <test started-at="2023-01-05T12:37:48 IST" name="chrometest" finished-at="2023-01-05T12:38:04 IST" duration-ms="15703">
      <class name="test.Multi_Browser">
        <test-method is-config="true" signature="beforeClass(java.lang.String)[pri:0, instance:test.Multi_Browser@2a4fb17b]" started-at="2023-01-05T12:37:48 IST" name="beforeClass" finished-at="2023-01-05T12:37:58 IST" duration-ms="9454" status="PASS">
          <params>
            <param index="0">
              <value>
                <![CDATA[chrome]]>
              </value>
            </param>
          </params>
          <reporter-output>
          </reporter-output>
        </test-method> <!-- beforeClass -->
        <test-method signature="function()[pri:0, instance:test.Multi_Browser@2a4fb17b]" started-at="2023-01-05T12:37:58 IST" name="function" finished-at="2023-01-05T12:38:04 IST" duration-ms="5999" status="PASS">
          <reporter-output>
          </reporter-output>
        </test-method> <!-- function -->
        <test-method is-config="true" signature="afterClass()[pri:0, instance:test.Multi_Browser@2a4fb17b]" started-at="2023-01-05T12:38:04 IST" name="afterClass" finished-at="2023-01-05T12:38:04 IST" duration-ms="247" status="PASS">
          <reporter-output>
          </reporter-output>
        </test-method> <!-- afterClass -->
      </class> <!-- test.Multi_Browser -->
    </test> <!-- chrometest -->
  </suite> <!-- testng1 -->
</testng-results>
